生成启动时间为 2014/6/20 星期五 0:26:40。
     1>项目“C:\Users\飞\Desktop\PLAYER\PLAYER.vcxproj”在节点 2 上(build 个目标)。
     1>InitializeBuildStatus:
         正在创建“.\Debug\PLAYER.unsuccessfulbuild”，因为已指定“AlwaysCreate”。
       ClCompile:
         E:\Program Files (x86)\Microsoft Visual Studio 10.0\VC\bin\CL.exe /c /ZI /nologo /W0 /WX- /Od /Oy- /D WIN32 /D _DEBUG /D _WINDOWS /D _VC80_UPGRADE=0x0600 /D _MBCS /D _AFXDLL /Gm /EHsc /RTC1 /MDd /GS /Gy- /fp:precise /Zc:wchar_t /Zc:forScope /Yc"stdafx.h" /Fp".\Debug\PLAYER.pch" /Fo".\Debug\\" /Fd".\Debug\vc100.pdb" /Gd /TP /analyze- /errorReport:prompt StdAfx.cpp
         StdAfx.cpp
         _WIN32_WINNT not defined. Defaulting to _WIN32_WINNT_MAXVER (see WinSDKVer.h)
         E:\Program Files (x86)\Microsoft Visual Studio 10.0\VC\bin\CL.exe /c /ZI /nologo /W0 /WX- /Od /Oy- /D WIN32 /D _DEBUG /D _WINDOWS /D _VC80_UPGRADE=0x0600 /D _MBCS /D _AFXDLL /Gm /EHsc /RTC1 /MDd /GS /Gy- /fp:precise /Zc:wchar_t /Zc:forScope /Yu"stdafx.h" /Fp".\Debug\PLAYER.pch" /Fo".\Debug\\" /Fd".\Debug\vc100.pdb" /Gd /TP /analyze- /errorReport:prompt PLAYER.cpp PLAYERDlg.cpp
         PLAYERDlg.cpp
         PLAYER.cpp
         正在生成代码...
       ResourceCompile:
         C:\Program Files (x86)\Microsoft SDKs\Windows\v7.0A\bin\rc.exe /D _DEBUG /D _VC80_UPGRADE=0x0600 /D _AFXDLL /l"0x0804" /nologo /fo".\Debug\PLAYER.res" PLAYER.rc 
       ManifestResourceCompile:
         C:\Program Files (x86)\Microsoft SDKs\Windows\v7.0A\bin\rc.exe /nologo /fo".\Debug\PLAYER.exe.embed.manifest.res" .\Debug\PLAYER_manifest.rc 
       Link:
         E:\Program Files (x86)\Microsoft Visual Studio 10.0\VC\bin\link.exe /ERRORREPORT:PROMPT /OUT:".\Debug\PLAYER.exe" /INCREMENTAL /NOLOGO /MANIFEST /ManifestFile:".\Debug\PLAYER.exe.intermediate.manifest" /MANIFESTUAC:"level='asInvoker' uiAccess='false'" /DEBUG /PDB:"C:\Users\飞\Desktop\PLAYER\Debug\PLAYER.pdb" /SUBSYSTEM:WINDOWS /TLBID:1 /DYNAMICBASE /NXCOMPAT /IMPLIB:".\Debug\PLAYER.lib" /MACHINE:X86 .\Debug\PLAYER.res
         .\Debug\PLAYER.exe.embed.manifest.res
         .\Debug\PLAYER.obj
         .\Debug\PLAYERDlg.obj
         .\Debug\StdAfx.obj
       Manifest:
         C:\Program Files (x86)\Microsoft SDKs\Windows\v7.0A\bin\mt.exe /nologo /verbose /out:".\Debug\PLAYER.exe.embed.manifest" /manifest .\Debug\PLAYER.exe.intermediate.manifest "E:\Program Files (x86)\Microsoft Visual Studio 10.0\VC\Include\Manifest\dpiaware.manifest"
         所有输出均为最新。
       LinkEmbedManifest:
         所有输出均为最新。
         PLAYER.vcxproj -> C:\Users\飞\Desktop\PLAYER\.\Debug\PLAYER.exe
       FinalizeBuildStatus:
         正在删除文件“.\Debug\PLAYER.unsuccessfulbuild”。
         正在对“.\Debug\PLAYER.lastbuildstate”执行 Touch 任务。
     1>已完成生成项目“C:\Users\飞\Desktop\PLAYER\PLAYER.vcxproj”(build 个目标)的操作。

生成成功。

已用时间 00:00:04.36
